action: py36, msg: getenv
cwd: /home/danil/IrregVerbs
cmd: /home/danil/IrregVerbs/.tox/py36/bin/python -m pip install 'tox>=2.7.0'
Collecting tox>=2.7.0
  Using cached tox-3.14.6-py2.py3-none-any.whl (81 kB)
Collecting packaging>=14
  Using cached packaging-20.3-py2.py3-none-any.whl (37 kB)
Collecting pluggy<1,>=0.12.0
  Using cached pluggy-0.13.1-py2.py3-none-any.whl (18 kB)
Collecting importlib-metadata<2,>=0.12; python_version < "3.8"
  Using cached importlib_metadata-1.6.0-py2.py3-none-any.whl (30 kB)
Collecting six<2,>=1.14.0
  Using cached six-1.14.0-py2.py3-none-any.whl (10 kB)
Collecting filelock<4,>=3.0.0
  Downloading filelock-3.0.12-py3-none-any.whl (7.6 kB)
Collecting py<2,>=1.4.17
  Using cached py-1.8.1-py2.py3-none-any.whl (83 kB)
Collecting virtualenv!=20.0.0,!=20.0.1,!=20.0.2,!=20.0.3,!=20.0.4,!=20.0.5,!=20.0.6,!=20.0.7,>=16.0.0
  Using cached virtualenv-20.0.18-py2.py3-none-any.whl (4.6 MB)
Collecting toml>=0.9.4
  Using cached toml-0.10.0-py2.py3-none-any.whl (25 kB)
Collecting pyparsing>=2.0.2
  Using cached pyparsing-2.4.7-py2.py3-none-any.whl (67 kB)
Collecting zipp>=0.5
  Downloading zipp-3.1.0-py3-none-any.whl (4.9 kB)
Collecting importlib-resources<2,>=1.0; python_version < "3.7"
  Using cached importlib_resources-1.4.0-py2.py3-none-any.whl (20 kB)
Collecting appdirs<2,>=1.4.3
  Using cached appdirs-1.4.3-py2.py3-none-any.whl (12 kB)
Collecting distlib<1,>=0.3.0
  Using cached distlib-0.3.0.zip (571 kB)
Building wheels for collected packages: distlib
  Building wheel for distlib (setup.py): started
  Building wheel for distlib (setup.py): finished with status 'done'
  Created wheel for distlib: filename=distlib-0.3.0-py3-none-any.whl size=340427 sha256=e20834e236c16edb1821c1c52be21057c4a2b5eb8112a467760061666d12c39b
  Stored in directory: /home/danil/.cache/pip/wheels/33/d9/71/e4e3cac73529e1947df418af0f140cd7589d5d9ec0e17ecfc2
Successfully built distlib
Installing collected packages: six, pyparsing, packaging, zipp, importlib-metadata, pluggy, filelock, py, importlib-resources, appdirs, distlib, virtualenv, toml, tox
Successfully installed appdirs-1.4.3 distlib-0.3.0 filelock-3.0.12 importlib-metadata-1.6.0 importlib-resources-1.4.0 packaging-20.3 pluggy-0.13.1 py-1.8.1 pyparsing-2.4.7 six-1.14.0 toml-0.10.0 tox-3.14.6 virtualenv-20.0.18 zipp-3.1.0
